<?xml version="1.0" encoding="utf-8" standalone="no"?>
<!--This file represents the results of running a test suite-->
<test-results name="C:\Users\Gunther\Documents\Visual Studio 2013\Projects\DOA14\LInkedList\bin\Debug\LInkedList.exe" total="1" errors="0" failures="0" not-run="0" inconclusive="0" ignored="0" skipped="0" invalid="0" date="2015-02-02" time="20:21:45">
  <environment nunit-version="2.6.4.14350" clr-version="2.0.50727.8009" os-version="Microsoft Windows NT 6.2.9200.0" platform="Win32NT" cwd="C:\Program Files (x86)\NUnit 2.6.4\bin" machine-name="LAPTOP-HAMPUS" user="Gunther" user-domain="LAPTOP-HAMPUS" />
  <culture-info current-culture="sv-SE" current-uiculture="sv-SE" />
  <test-suite type="Assembly" name="C:\Users\Gunther\Documents\Visual Studio 2013\Projects\DOA14\LInkedList\bin\Debug\LInkedList.exe" executed="True" result="Success" success="True" time="0.325" asserts="0">
    <results>
      <test-suite type="Namespace" name="LinkedList" executed="True" result="Success" success="True" time="0.251" asserts="0">
        <results>
          <test-suite type="TestFixture" name="Test" executed="True" result="Success" success="True" time="0.241" asserts="0">
            <results>
              <test-case name="LinkedList.Test.ListTest" executed="True" result="Success" success="True" time="0.179" asserts="8" />
            </results>
          </test-suite>
        </results>
      </test-suite>
    </results>
  </test-suite>
</test-results>